<?xml version="1.0" encoding="UTF-8"?>
<!-- Generated by org.testng.reporters.JUnitXMLReporter -->
<testsuite ignored="0" hostname="LAPTOP-K2RN0M8F" failures="15" tests="15" name="Command line test" time="4.465" errors="0" timestamp="2022-08-16T18:10:07 IST">
  <testcase classname="io.cucumber.testng.AbstractTestNGCucumberTests" name="runScenario" time="0.453">
    <failure type="java.lang.NullPointerException">
      <![CDATA[java.lang.NullPointerException
at steps.MyStepdefs.creatingAEmployee(MyStepdefs.java:31)
at ✽.Creating a Employee(file:///C:/Users/thoka/IdeaProjects/Employee.sprint/src/test/java/features/Employee.feature:4)
]]>
    </failure>
  </testcase> <!-- runScenario -->
  <testcase classname="io.cucumber.testng.AbstractTestNGCucumberTests" name="runScenario" time="0.016">
    <failure type="java.lang.NullPointerException">
      <![CDATA[java.lang.NullPointerException
at steps.MyStepdefs.creatingAEmployee(MyStepdefs.java:31)
at ✽.Creating a Employee(file:///C:/Users/thoka/IdeaProjects/Employee.sprint/src/test/java/features/Employee.feature:4)
]]>
    </failure>
  </testcase> <!-- runScenario -->
  <testcase classname="io.cucumber.testng.AbstractTestNGCucumberTests" name="runScenario" time="0.021">
    <failure type="java.lang.NullPointerException">
      <![CDATA[java.lang.NullPointerException
at steps.MyStepdefs.creatingAEmployee(MyStepdefs.java:31)
at ✽.Creating a Employee(file:///C:/Users/thoka/IdeaProjects/Employee.sprint/src/test/java/features/Employee.feature:4)
]]>
    </failure>
  </testcase> <!-- runScenario -->
  <testcase classname="io.cucumber.testng.AbstractTestNGCucumberTests" name="runScenario" time="0.02">
    <failure type="java.lang.NullPointerException">
      <![CDATA[java.lang.NullPointerException
at steps.MyStepdefs.creatingAEmployee(MyStepdefs.java:31)
at ✽.Creating a Employee(file:///C:/Users/thoka/IdeaProjects/Employee.sprint/src/test/java/features/Employee.feature:4)
]]>
    </failure>
  </testcase> <!-- runScenario -->
  <testcase classname="io.cucumber.testng.AbstractTestNGCucumberTests" name="runScenario" time="0.018">
    <failure type="java.lang.NullPointerException">
      <![CDATA[java.lang.NullPointerException
at steps.MyStepdefs.creatingAEmployee(MyStepdefs.java:31)
at ✽.Creating a Employee(file:///C:/Users/thoka/IdeaProjects/Employee.sprint/src/test/java/features/Employee.feature:4)
]]>
    </failure>
  </testcase> <!-- runScenario -->
  <testcase classname="io.cucumber.testng.AbstractTestNGCucumberTests" name="runScenario" time="0.017">
    <failure type="java.lang.NullPointerException">
      <![CDATA[java.lang.NullPointerException
at steps.MyStepdefs.creatingAEmployee(MyStepdefs.java:31)
at ✽.Creating a Employee(file:///C:/Users/thoka/IdeaProjects/Employee.sprint/src/test/java/features/Employee.feature:4)
]]>
    </failure>
  </testcase> <!-- runScenario -->
  <testcase classname="io.cucumber.testng.AbstractTestNGCucumberTests" name="runScenario" time="0.009">
    <failure type="java.lang.NullPointerException">
      <![CDATA[java.lang.NullPointerException
at steps.MyStepdefs.creatingAEmployee(MyStepdefs.java:31)
at ✽.Creating a Employee(file:///C:/Users/thoka/IdeaProjects/Employee.sprint/src/test/java/features/Employee.feature:4)
]]>
    </failure>
  </testcase> <!-- runScenario -->
  <testcase classname="io.cucumber.testng.AbstractTestNGCucumberTests" name="runScenario" time="0.013">
    <failure type="java.lang.NullPointerException">
      <![CDATA[java.lang.NullPointerException
at steps.MyStepdefs.creatingAEmployee(MyStepdefs.java:31)
at ✽.Creating a Employee(file:///C:/Users/thoka/IdeaProjects/Employee.sprint/src/test/java/features/Employee.feature:4)
]]>
    </failure>
  </testcase> <!-- runScenario -->
  <testcase classname="io.cucumber.testng.AbstractTestNGCucumberTests" name="runScenario" time="0.013">
    <failure type="java.lang.NullPointerException">
      <![CDATA[java.lang.NullPointerException
at steps.MyStepdefs.creatingAEmployee(MyStepdefs.java:31)
at ✽.Creating a Employee(file:///C:/Users/thoka/IdeaProjects/Employee.sprint/src/test/java/features/Employee.feature:4)
]]>
    </failure>
  </testcase> <!-- runScenario -->
  <testcase classname="io.cucumber.testng.AbstractTestNGCucumberTests" name="runScenario" time="0.012">
    <failure type="java.lang.NullPointerException">
      <![CDATA[java.lang.NullPointerException
at steps.MyStepdefs.creatingAEmployee(MyStepdefs.java:31)
at ✽.Creating a Employee(file:///C:/Users/thoka/IdeaProjects/Employee.sprint/src/test/java/features/Employee.feature:4)
]]>
    </failure>
  </testcase> <!-- runScenario -->
  <testcase classname="io.cucumber.testng.AbstractTestNGCucumberTests" name="runScenario" time="0.008">
    <failure type="java.lang.NullPointerException">
      <![CDATA[java.lang.NullPointerException
at steps.MyStepdefs.creatingAEmployee(MyStepdefs.java:31)
at ✽.Creating a Employee(file:///C:/Users/thoka/IdeaProjects/Employee.sprint/src/test/java/features/Employee.feature:4)
]]>
    </failure>
  </testcase> <!-- runScenario -->
  <testcase classname="io.cucumber.testng.AbstractTestNGCucumberTests" name="runScenario" time="0.011">
    <failure type="java.lang.NullPointerException">
      <![CDATA[java.lang.NullPointerException
at steps.MyStepdefs.creatingAEmployee(MyStepdefs.java:31)
at ✽.Creating a Employee(file:///C:/Users/thoka/IdeaProjects/Employee.sprint/src/test/java/features/Employee.feature:4)
]]>
    </failure>
  </testcase> <!-- runScenario -->
  <testcase classname="io.cucumber.testng.AbstractTestNGCucumberTests" name="runScenario" time="0.01">
    <failure type="java.lang.NullPointerException">
      <![CDATA[java.lang.NullPointerException
at steps.MyStepdefs.creatingAEmployee(MyStepdefs.java:31)
at ✽.Creating a Employee(file:///C:/Users/thoka/IdeaProjects/Employee.sprint/src/test/java/features/Employee.feature:4)
]]>
    </failure>
  </testcase> <!-- runScenario -->
  <testcase classname="io.cucumber.testng.AbstractTestNGCucumberTests" name="runScenario" time="0.011">
    <failure type="java.lang.NullPointerException">
      <![CDATA[java.lang.NullPointerException
at steps.MyStepdefs.creatingAEmployee(MyStepdefs.java:31)
at ✽.Creating a Employee(file:///C:/Users/thoka/IdeaProjects/Employee.sprint/src/test/java/features/Employee.feature:4)
]]>
    </failure>
  </testcase> <!-- runScenario -->
  <testcase classname="io.cucumber.testng.AbstractTestNGCucumberTests" name="runScenario" time="0.026">
    <failure type="java.lang.NullPointerException">
      <![CDATA[java.lang.NullPointerException
at steps.MyStepdefs.creatingAEmployee(MyStepdefs.java:31)
at ✽.Creating a Employee(file:///C:/Users/thoka/IdeaProjects/Employee.sprint/src/test/java/features/Employee.feature:4)
]]>
    </failure>
  </testcase> <!-- runScenario -->
</testsuite> <!-- Command line test -->
