<?xml version="1.0" encoding="UTF-8"?>
<testng-results ignored="0" total="15" passed="0" failed="15" skipped="0">
  <reporter-output>
  </reporter-output>
  <suite started-at="2022-08-16T18:10:02 IST" name="Command line suite" finished-at="2022-08-16T18:10:07 IST" duration-ms="4465">
    <groups>
      <group name="cucumber">
        <method signature="AbstractTestNGCucumberTests.runScenario(io.cucumber.testng.PickleWrapper,io.cucumber.testng.FeatureWrapper)[pri:0, instance:runner.TestRunner@68567e20]" name="runScenario" class="io.cucumber.testng.AbstractTestNGCucumberTests"/>
      </group> <!-- cucumber -->
    </groups>
    <test started-at="2022-08-16T18:10:02 IST" name="Command line test" finished-at="2022-08-16T18:10:07 IST" duration-ms="4465">
      <class name="runner.TestRunner">
        <test-method is-config="true" signature="setUpClass()[pri:0, instance:runner.TestRunner@68567e20]" started-at="2022-08-16T18:10:02 IST" name="setUpClass" finished-at="2022-08-16T18:10:03 IST" duration-ms="712" status="PASS">
          <reporter-output>
          </reporter-output>
        </test-method> <!-- setUpClass -->
        <test-method signature="runScenario(io.cucumber.testng.PickleWrapper,io.cucumber.testng.FeatureWrapper)[pri:0, instance:runner.TestRunner@68567e20]" started-at="2022-08-16T18:10:03 IST" name="runScenario" description="Runs Cucumber Scenarios" data-provider="scenarios" finished-at="2022-08-16T18:10:03 IST" duration-ms="453" status="FAIL">
          <params>
            <param index="0">
              <value>
                <![CDATA["Verify that Employee details are created"]]>
              </value>
            </param>
            <param index="1">
              <value>
                <![CDATA["Optional[EmployeeController Feature]"]]>
              </value>
            </param>
          </params>
          <exception class="java.lang.NullPointerException">
            <full-stacktrace>
              <![CDATA[java.lang.NullPointerException
at steps.MyStepdefs.creatingAEmployee(MyStepdefs.java:31)
at ✽.Creating a Employee(file:///C:/Users/thoka/IdeaProjects/Employee.sprint/src/test/java/features/Employee.feature:4)
]]>
            </full-stacktrace>
          </exception> <!-- java.lang.NullPointerException -->
          <reporter-output>
          </reporter-output>
        </test-method> <!-- runScenario -->
        <test-method signature="runScenario(io.cucumber.testng.PickleWrapper,io.cucumber.testng.FeatureWrapper)[pri:0, instance:runner.TestRunner@68567e20]" started-at="2022-08-16T18:10:03 IST" name="runScenario" description="Runs Cucumber Scenarios" data-provider="scenarios" finished-at="2022-08-16T18:10:03 IST" duration-ms="16" status="FAIL">
          <params>
            <param index="0">
              <value>
                <![CDATA["Verify that error is thrown when the employee firstName is blank"]]>
              </value>
            </param>
            <param index="1">
              <value>
                <![CDATA["Optional[EmployeeController Feature]"]]>
              </value>
            </param>
          </params>
          <exception class="java.lang.NullPointerException">
            <full-stacktrace>
              <![CDATA[java.lang.NullPointerException
at steps.MyStepdefs.creatingAEmployee(MyStepdefs.java:31)
at ✽.Creating a Employee(file:///C:/Users/thoka/IdeaProjects/Employee.sprint/src/test/java/features/Employee.feature:4)
]]>
            </full-stacktrace>
          </exception> <!-- java.lang.NullPointerException -->
          <reporter-output>
          </reporter-output>
        </test-method> <!-- runScenario -->
        <test-method signature="runScenario(io.cucumber.testng.PickleWrapper,io.cucumber.testng.FeatureWrapper)[pri:0, instance:runner.TestRunner@68567e20]" started-at="2022-08-16T18:10:03 IST" name="runScenario" description="Runs Cucumber Scenarios" data-provider="scenarios" finished-at="2022-08-16T18:10:03 IST" duration-ms="21" status="FAIL">
          <params>
            <param index="0">
              <value>
                <![CDATA["Verify that error is thrown when the employee lastName is blank"]]>
              </value>
            </param>
            <param index="1">
              <value>
                <![CDATA["Optional[EmployeeController Feature]"]]>
              </value>
            </param>
          </params>
          <exception class="java.lang.NullPointerException">
            <full-stacktrace>
              <![CDATA[java.lang.NullPointerException
at steps.MyStepdefs.creatingAEmployee(MyStepdefs.java:31)
at ✽.Creating a Employee(file:///C:/Users/thoka/IdeaProjects/Employee.sprint/src/test/java/features/Employee.feature:4)
]]>
            </full-stacktrace>
          </exception> <!-- java.lang.NullPointerException -->
          <reporter-output>
          </reporter-output>
        </test-method> <!-- runScenario -->
        <test-method signature="runScenario(io.cucumber.testng.PickleWrapper,io.cucumber.testng.FeatureWrapper)[pri:0, instance:runner.TestRunner@68567e20]" started-at="2022-08-16T18:10:03 IST" name="runScenario" description="Runs Cucumber Scenarios" data-provider="scenarios" finished-at="2022-08-16T18:10:03 IST" duration-ms="20" status="FAIL">
          <params>
            <param index="0">
              <value>
                <![CDATA["Verify that error is thrown when the employee address is blank"]]>
              </value>
            </param>
            <param index="1">
              <value>
                <![CDATA["Optional[EmployeeController Feature]"]]>
              </value>
            </param>
          </params>
          <exception class="java.lang.NullPointerException">
            <full-stacktrace>
              <![CDATA[java.lang.NullPointerException
at steps.MyStepdefs.creatingAEmployee(MyStepdefs.java:31)
at ✽.Creating a Employee(file:///C:/Users/thoka/IdeaProjects/Employee.sprint/src/test/java/features/Employee.feature:4)
]]>
            </full-stacktrace>
          </exception> <!-- java.lang.NullPointerException -->
          <reporter-output>
          </reporter-output>
        </test-method> <!-- runScenario -->
        <test-method signature="runScenario(io.cucumber.testng.PickleWrapper,io.cucumber.testng.FeatureWrapper)[pri:0, instance:runner.TestRunner@68567e20]" started-at="2022-08-16T18:10:03 IST" name="runScenario" description="Runs Cucumber Scenarios" data-provider="scenarios" finished-at="2022-08-16T18:10:04 IST" duration-ms="18" status="FAIL">
          <params>
            <param index="0">
              <value>
                <![CDATA["Verify that error is thrown when employee phoneNumber is blank"]]>
              </value>
            </param>
            <param index="1">
              <value>
                <![CDATA["Optional[EmployeeController Feature]"]]>
              </value>
            </param>
          </params>
          <exception class="java.lang.NullPointerException">
            <full-stacktrace>
              <![CDATA[java.lang.NullPointerException
at steps.MyStepdefs.creatingAEmployee(MyStepdefs.java:31)
at ✽.Creating a Employee(file:///C:/Users/thoka/IdeaProjects/Employee.sprint/src/test/java/features/Employee.feature:4)
]]>
            </full-stacktrace>
          </exception> <!-- java.lang.NullPointerException -->
          <reporter-output>
          </reporter-output>
        </test-method> <!-- runScenario -->
        <test-method signature="runScenario(io.cucumber.testng.PickleWrapper,io.cucumber.testng.FeatureWrapper)[pri:0, instance:runner.TestRunner@68567e20]" started-at="2022-08-16T18:10:04 IST" name="runScenario" description="Runs Cucumber Scenarios" data-provider="scenarios" finished-at="2022-08-16T18:10:04 IST" duration-ms="17" status="FAIL">
          <params>
            <param index="0">
              <value>
                <![CDATA["Verify that user is able to get Employee details by using valid Endpoint"]]>
              </value>
            </param>
            <param index="1">
              <value>
                <![CDATA["Optional[EmployeeController Feature]"]]>
              </value>
            </param>
          </params>
          <exception class="java.lang.NullPointerException">
            <full-stacktrace>
              <![CDATA[java.lang.NullPointerException
at steps.MyStepdefs.creatingAEmployee(MyStepdefs.java:31)
at ✽.Creating a Employee(file:///C:/Users/thoka/IdeaProjects/Employee.sprint/src/test/java/features/Employee.feature:4)
]]>
            </full-stacktrace>
          </exception> <!-- java.lang.NullPointerException -->
          <reporter-output>
          </reporter-output>
        </test-method> <!-- runScenario -->
        <test-method signature="runScenario(io.cucumber.testng.PickleWrapper,io.cucumber.testng.FeatureWrapper)[pri:0, instance:runner.TestRunner@68567e20]" started-at="2022-08-16T18:10:04 IST" name="runScenario" description="Runs Cucumber Scenarios" data-provider="scenarios" finished-at="2022-08-16T18:10:04 IST" duration-ms="9" status="FAIL">
          <params>
            <param index="0">
              <value>
                <![CDATA["Verify that user  is not able to get Employee details by using invalid endpoint"]]>
              </value>
            </param>
            <param index="1">
              <value>
                <![CDATA["Optional[EmployeeController Feature]"]]>
              </value>
            </param>
          </params>
          <exception class="java.lang.NullPointerException">
            <full-stacktrace>
              <![CDATA[java.lang.NullPointerException
at steps.MyStepdefs.creatingAEmployee(MyStepdefs.java:31)
at ✽.Creating a Employee(file:///C:/Users/thoka/IdeaProjects/Employee.sprint/src/test/java/features/Employee.feature:4)
]]>
            </full-stacktrace>
          </exception> <!-- java.lang.NullPointerException -->
          <reporter-output>
          </reporter-output>
        </test-method> <!-- runScenario -->
        <test-method signature="runScenario(io.cucumber.testng.PickleWrapper,io.cucumber.testng.FeatureWrapper)[pri:0, instance:runner.TestRunner@68567e20]" started-at="2022-08-16T18:10:04 IST" name="runScenario" description="Runs Cucumber Scenarios" data-provider="scenarios" finished-at="2022-08-16T18:10:04 IST" duration-ms="13" status="FAIL">
          <params>
            <param index="0">
              <value>
                <![CDATA["Verify that user is able to get Employee details by using ID"]]>
              </value>
            </param>
            <param index="1">
              <value>
                <![CDATA["Optional[EmployeeController Feature]"]]>
              </value>
            </param>
          </params>
          <exception class="java.lang.NullPointerException">
            <full-stacktrace>
              <![CDATA[java.lang.NullPointerException
at steps.MyStepdefs.creatingAEmployee(MyStepdefs.java:31)
at ✽.Creating a Employee(file:///C:/Users/thoka/IdeaProjects/Employee.sprint/src/test/java/features/Employee.feature:4)
]]>
            </full-stacktrace>
          </exception> <!-- java.lang.NullPointerException -->
          <reporter-output>
          </reporter-output>
        </test-method> <!-- runScenario -->
        <test-method signature="runScenario(io.cucumber.testng.PickleWrapper,io.cucumber.testng.FeatureWrapper)[pri:0, instance:runner.TestRunner@68567e20]" started-at="2022-08-16T18:10:04 IST" name="runScenario" description="Runs Cucumber Scenarios" data-provider="scenarios" finished-at="2022-08-16T18:10:04 IST" duration-ms="13" status="FAIL">
          <params>
            <param index="0">
              <value>
                <![CDATA["Verify that user is able to get Employee details without using ID"]]>
              </value>
            </param>
            <param index="1">
              <value>
                <![CDATA["Optional[EmployeeController Feature]"]]>
              </value>
            </param>
          </params>
          <exception class="java.lang.NullPointerException">
            <full-stacktrace>
              <![CDATA[java.lang.NullPointerException
at steps.MyStepdefs.creatingAEmployee(MyStepdefs.java:31)
at ✽.Creating a Employee(file:///C:/Users/thoka/IdeaProjects/Employee.sprint/src/test/java/features/Employee.feature:4)
]]>
            </full-stacktrace>
          </exception> <!-- java.lang.NullPointerException -->
          <reporter-output>
          </reporter-output>
        </test-method> <!-- runScenario -->
        <test-method signature="runScenario(io.cucumber.testng.PickleWrapper,io.cucumber.testng.FeatureWrapper)[pri:0, instance:runner.TestRunner@68567e20]" started-at="2022-08-16T18:10:04 IST" name="runScenario" description="Runs Cucumber Scenarios" data-provider="scenarios" finished-at="2022-08-16T18:10:04 IST" duration-ms="12" status="FAIL">
          <params>
            <param index="0">
              <value>
                <![CDATA["Verify that Employee details are updated"]]>
              </value>
            </param>
            <param index="1">
              <value>
                <![CDATA["Optional[EmployeeController Feature]"]]>
              </value>
            </param>
          </params>
          <exception class="java.lang.NullPointerException">
            <full-stacktrace>
              <![CDATA[java.lang.NullPointerException
at steps.MyStepdefs.creatingAEmployee(MyStepdefs.java:31)
at ✽.Creating a Employee(file:///C:/Users/thoka/IdeaProjects/Employee.sprint/src/test/java/features/Employee.feature:4)
]]>
            </full-stacktrace>
          </exception> <!-- java.lang.NullPointerException -->
          <reporter-output>
          </reporter-output>
        </test-method> <!-- runScenario -->
        <test-method signature="runScenario(io.cucumber.testng.PickleWrapper,io.cucumber.testng.FeatureWrapper)[pri:0, instance:runner.TestRunner@68567e20]" started-at="2022-08-16T18:10:04 IST" name="runScenario" description="Runs Cucumber Scenarios" data-provider="scenarios" finished-at="2022-08-16T18:10:04 IST" duration-ms="8" status="FAIL">
          <params>
            <param index="0">
              <value>
                <![CDATA["Verify that error is thrown when ID is not given While Updating Employee details"]]>
              </value>
            </param>
            <param index="1">
              <value>
                <![CDATA["Optional[EmployeeController Feature]"]]>
              </value>
            </param>
          </params>
          <exception class="java.lang.NullPointerException">
            <full-stacktrace>
              <![CDATA[java.lang.NullPointerException
at steps.MyStepdefs.creatingAEmployee(MyStepdefs.java:31)
at ✽.Creating a Employee(file:///C:/Users/thoka/IdeaProjects/Employee.sprint/src/test/java/features/Employee.feature:4)
]]>
            </full-stacktrace>
          </exception> <!-- java.lang.NullPointerException -->
          <reporter-output>
          </reporter-output>
        </test-method> <!-- runScenario -->
        <test-method signature="runScenario(io.cucumber.testng.PickleWrapper,io.cucumber.testng.FeatureWrapper)[pri:0, instance:runner.TestRunner@68567e20]" started-at="2022-08-16T18:10:04 IST" name="runScenario" description="Runs Cucumber Scenarios" data-provider="scenarios" finished-at="2022-08-16T18:10:04 IST" duration-ms="11" status="FAIL">
          <params>
            <param index="0">
              <value>
                <![CDATA["Verify that error is thrown when firstName is blank While Updating Employee details"]]>
              </value>
            </param>
            <param index="1">
              <value>
                <![CDATA["Optional[EmployeeController Feature]"]]>
              </value>
            </param>
          </params>
          <exception class="java.lang.NullPointerException">
            <full-stacktrace>
              <![CDATA[java.lang.NullPointerException
at steps.MyStepdefs.creatingAEmployee(MyStepdefs.java:31)
at ✽.Creating a Employee(file:///C:/Users/thoka/IdeaProjects/Employee.sprint/src/test/java/features/Employee.feature:4)
]]>
            </full-stacktrace>
          </exception> <!-- java.lang.NullPointerException -->
          <reporter-output>
          </reporter-output>
        </test-method> <!-- runScenario -->
        <test-method signature="runScenario(io.cucumber.testng.PickleWrapper,io.cucumber.testng.FeatureWrapper)[pri:0, instance:runner.TestRunner@68567e20]" started-at="2022-08-16T18:10:04 IST" name="runScenario" description="Runs Cucumber Scenarios" data-provider="scenarios" finished-at="2022-08-16T18:10:04 IST" duration-ms="10" status="FAIL">
          <params>
            <param index="0">
              <value>
                <![CDATA["Verify that error is thrown when lastName is blank While Updating Employee details"]]>
              </value>
            </param>
            <param index="1">
              <value>
                <![CDATA["Optional[EmployeeController Feature]"]]>
              </value>
            </param>
          </params>
          <exception class="java.lang.NullPointerException">
            <full-stacktrace>
              <![CDATA[java.lang.NullPointerException
at steps.MyStepdefs.creatingAEmployee(MyStepdefs.java:31)
at ✽.Creating a Employee(file:///C:/Users/thoka/IdeaProjects/Employee.sprint/src/test/java/features/Employee.feature:4)
]]>
            </full-stacktrace>
          </exception> <!-- java.lang.NullPointerException -->
          <reporter-output>
          </reporter-output>
        </test-method> <!-- runScenario -->
        <test-method signature="runScenario(io.cucumber.testng.PickleWrapper,io.cucumber.testng.FeatureWrapper)[pri:0, instance:runner.TestRunner@68567e20]" started-at="2022-08-16T18:10:04 IST" name="runScenario" description="Runs Cucumber Scenarios" data-provider="scenarios" finished-at="2022-08-16T18:10:04 IST" duration-ms="11" status="FAIL">
          <params>
            <param index="0">
              <value>
                <![CDATA["Verify that Employee details are deleted"]]>
              </value>
            </param>
            <param index="1">
              <value>
                <![CDATA["Optional[EmployeeController Feature]"]]>
              </value>
            </param>
          </params>
          <exception class="java.lang.NullPointerException">
            <full-stacktrace>
              <![CDATA[java.lang.NullPointerException
at steps.MyStepdefs.creatingAEmployee(MyStepdefs.java:31)
at ✽.Creating a Employee(file:///C:/Users/thoka/IdeaProjects/Employee.sprint/src/test/java/features/Employee.feature:4)
]]>
            </full-stacktrace>
          </exception> <!-- java.lang.NullPointerException -->
          <reporter-output>
          </reporter-output>
        </test-method> <!-- runScenario -->
        <test-method signature="runScenario(io.cucumber.testng.PickleWrapper,io.cucumber.testng.FeatureWrapper)[pri:0, instance:runner.TestRunner@68567e20]" started-at="2022-08-16T18:10:04 IST" name="runScenario" description="Runs Cucumber Scenarios" data-provider="scenarios" finished-at="2022-08-16T18:10:04 IST" duration-ms="26" status="FAIL">
          <params>
            <param index="0">
              <value>
                <![CDATA["Verify that error is thrown when the Employee details are deleted without using ID"]]>
              </value>
            </param>
            <param index="1">
              <value>
                <![CDATA["Optional[EmployeeController Feature]"]]>
              </value>
            </param>
          </params>
          <exception class="java.lang.NullPointerException">
            <full-stacktrace>
              <![CDATA[java.lang.NullPointerException
at steps.MyStepdefs.creatingAEmployee(MyStepdefs.java:31)
at ✽.Creating a Employee(file:///C:/Users/thoka/IdeaProjects/Employee.sprint/src/test/java/features/Employee.feature:4)
]]>
            </full-stacktrace>
          </exception> <!-- java.lang.NullPointerException -->
          <reporter-output>
          </reporter-output>
        </test-method> <!-- runScenario -->
        <test-method is-config="true" signature="tearDownClass()[pri:0, instance:runner.TestRunner@68567e20]" started-at="2022-08-16T18:10:04 IST" name="tearDownClass" finished-at="2022-08-16T18:10:07 IST" duration-ms="3006" status="PASS">
          <reporter-output>
          </reporter-output>
        </test-method> <!-- tearDownClass -->
      </class> <!-- runner.TestRunner -->
    </test> <!-- Command line test -->
  </suite> <!-- Command line suite -->
</testng-results>
