<?xml version="1.0" encoding="UTF-8" ?>
<testsuite tests="15" failures="15" name="TestSuite" time="0.66" errors="0" skipped="0">
  <properties>
[...]
</properties>
  <testcase classname="runner.TestRunner" name="runScenario" time="0.449">
    <failure type="java.lang.NullPointerException">java.lang.NullPointerException
	at steps.MyStepdefs.creatingAEmployee(MyStepdefs.java:31)
	at ✽.Creating a Employee(file:///C:/Users/thoka/IdeaProjects/Employee.sprint/src/test/java/features/Employee.feature:4)
</failure>
    <system-out>Configuring TestNG with: org.apache.maven.surefire.testng.conf.TestNG652Configurator@371a67ec

Scenario: Verify that Employee details are created &amp;#27;[90m# src/test/java/features/Employee.feature:6&amp;#27;[0m
  &amp;#27;[31mGiven &amp;#27;[0m&amp;#27;[31mCreating a Employee&amp;#27;[0m                        &amp;#27;[90m# steps.MyStepdefs.creatingAEmployee()&amp;#27;[0m
      &amp;#27;[31mjava.lang.NullPointerException
	at steps.MyStepdefs.creatingAEmployee(MyStepdefs.java:31)
	at âœ½.Creating a Employee(file:///C:/Users/thoka/IdeaProjects/Employee.sprint/src/test/java/features/Employee.feature:4)
&amp;#27;[0m
  &amp;#27;[36mThen &amp;#27;[0m&amp;#27;[36mthe user is created&amp;#27;[0m                         &amp;#27;[90m# steps.MyStepdefs.theUserIsCreated()&amp;#27;[0m
</system-out>
    <system-err>SLF4J: Failed to load class &quot;org.slf4j.impl.StaticLoggerBinder&quot;.
SLF4J: Defaulting to no-operation (NOP) logger implementation
SLF4J: See http://www.slf4j.org/codes.html#StaticLoggerBinder for further details.
</system-err>
  </testcase>
  <testcase classname="runner.TestRunner" name="runScenario" time="0.015">
    <failure type="java.lang.NullPointerException">java.lang.NullPointerException
	at steps.MyStepdefs.creatingAEmployee(MyStepdefs.java:31)
	at ✽.Creating a Employee(file:///C:/Users/thoka/IdeaProjects/Employee.sprint/src/test/java/features/Employee.feature:4)
</failure>
    <system-out>
Scenario: Verify that error is thrown when the employee firstName is blank &amp;#27;[90m# src/test/java/features/Employee.feature:9&amp;#27;[0m
  &amp;#27;[31mGiven &amp;#27;[0m&amp;#27;[31mCreating a Employee&amp;#27;[0m                                                &amp;#27;[90m# steps.MyStepdefs.creatingAEmployee()&amp;#27;[0m
      &amp;#27;[31mjava.lang.NullPointerException
	at steps.MyStepdefs.creatingAEmployee(MyStepdefs.java:31)
	at âœ½.Creating a Employee(file:///C:/Users/thoka/IdeaProjects/Employee.sprint/src/test/java/features/Employee.feature:4)
&amp;#27;[0m
  &amp;#27;[36mWhen &amp;#27;[0m&amp;#27;[36mcreating a Employee with firstName Blank&amp;#27;[0m                            &amp;#27;[90m# steps.MyStepdefs.creatingAEmployeeWithFirstNameBlank()&amp;#27;[0m
  &amp;#27;[36mThen &amp;#27;[0m&amp;#27;[36mError is thrown when firstName is not given&amp;#27;[0m                         &amp;#27;[90m# steps.MyStepdefs.errorIsThrownWhenFirstNameIsNotGiven()&amp;#27;[0m
</system-out>
  </testcase>
  <testcase classname="runner.TestRunner" name="runScenario" time="0.021">
    <failure type="java.lang.NullPointerException">java.lang.NullPointerException
	at steps.MyStepdefs.creatingAEmployee(MyStepdefs.java:31)
	at ✽.Creating a Employee(file:///C:/Users/thoka/IdeaProjects/Employee.sprint/src/test/java/features/Employee.feature:4)
</failure>
    <system-out>
Scenario: Verify that error is thrown when the employee lastName is blank &amp;#27;[90m# src/test/java/features/Employee.feature:13&amp;#27;[0m
  &amp;#27;[31mGiven &amp;#27;[0m&amp;#27;[31mCreating a Employee&amp;#27;[0m                                               &amp;#27;[90m# steps.MyStepdefs.creatingAEmployee()&amp;#27;[0m
      &amp;#27;[31mjava.lang.NullPointerException
	at steps.MyStepdefs.creatingAEmployee(MyStepdefs.java:31)
	at âœ½.Creating a Employee(file:///C:/Users/thoka/IdeaProjects/Employee.sprint/src/test/java/features/Employee.feature:4)
&amp;#27;[0m
  &amp;#27;[36mWhen &amp;#27;[0m&amp;#27;[36mcreating a Employee with lastName Blank&amp;#27;[0m                            &amp;#27;[90m# steps.MyStepdefs.creatingAEmployeeWithLastNameBlank()&amp;#27;[0m
  &amp;#27;[36mThen &amp;#27;[0m&amp;#27;[36mError is Thrown when lastName is not given&amp;#27;[0m                         &amp;#27;[90m# steps.MyStepdefs.errorIsThrownWhenLastNameIsNotGiven()&amp;#27;[0m
</system-out>
  </testcase>
  <testcase classname="runner.TestRunner" name="runScenario" time="0.021">
    <failure type="java.lang.NullPointerException">java.lang.NullPointerException
	at steps.MyStepdefs.creatingAEmployee(MyStepdefs.java:31)
	at ✽.Creating a Employee(file:///C:/Users/thoka/IdeaProjects/Employee.sprint/src/test/java/features/Employee.feature:4)
</failure>
    <system-out>
Scenario: Verify that error is thrown when the employee address is blank &amp;#27;[90m# src/test/java/features/Employee.feature:17&amp;#27;[0m
  &amp;#27;[31mGiven &amp;#27;[0m&amp;#27;[31mCreating a Employee&amp;#27;[0m                                              &amp;#27;[90m# steps.MyStepdefs.creatingAEmployee()&amp;#27;[0m
      &amp;#27;[31mjava.lang.NullPointerException
	at steps.MyStepdefs.creatingAEmployee(MyStepdefs.java:31)
	at âœ½.Creating a Employee(file:///C:/Users/thoka/IdeaProjects/Employee.sprint/src/test/java/features/Employee.feature:4)
&amp;#27;[0m
  &amp;#27;[36mWhen &amp;#27;[0m&amp;#27;[36mcreating a Employee with address Blank&amp;#27;[0m                            &amp;#27;[90m# steps.MyStepdefs.creatingAEmployeeWithAddressBlank()&amp;#27;[0m
  &amp;#27;[36mThen &amp;#27;[0m&amp;#27;[36mError is Thrown when address is not given&amp;#27;[0m                         &amp;#27;[90m# steps.MyStepdefs.errorIsThrownWhenAddressIsNotGiven()&amp;#27;[0m
</system-out>
  </testcase>
  <testcase classname="runner.TestRunner" name="runScenario" time="0.018">
    <failure type="java.lang.NullPointerException">java.lang.NullPointerException
	at steps.MyStepdefs.creatingAEmployee(MyStepdefs.java:31)
	at ✽.Creating a Employee(file:///C:/Users/thoka/IdeaProjects/Employee.sprint/src/test/java/features/Employee.feature:4)
</failure>
    <system-out>
Scenario: Verify that error is thrown when employee phoneNumber is blank &amp;#27;[90m# src/test/java/features/Employee.feature:21&amp;#27;[0m
  &amp;#27;[31mGiven &amp;#27;[0m&amp;#27;[31mCreating a Employee&amp;#27;[0m                                              &amp;#27;[90m# steps.MyStepdefs.creatingAEmployee()&amp;#27;[0m
      &amp;#27;[31mjava.lang.NullPointerException
	at steps.MyStepdefs.creatingAEmployee(MyStepdefs.java:31)
	at âœ½.Creating a Employee(file:///C:/Users/thoka/IdeaProjects/Employee.sprint/src/test/java/features/Employee.feature:4)
&amp;#27;[0m
  &amp;#27;[36mWhen &amp;#27;[0m&amp;#27;[36mcreating a Employee with phoneNumber Blank&amp;#27;[0m                        &amp;#27;[90m# steps.MyStepdefs.creatingAEmployeeWithPhoneNumberBlank()&amp;#27;[0m
  &amp;#27;[36mThen &amp;#27;[0m&amp;#27;[36mError is Thrown when phoneNumber is not given&amp;#27;[0m                     &amp;#27;[90m# steps.MyStepdefs.errorIsThrownWhenPhoneNumberIsNotGiven()&amp;#27;[0m
</system-out>
  </testcase>
  <testcase classname="runner.TestRunner" name="runScenario" time="0.018">
    <failure type="java.lang.NullPointerException">java.lang.NullPointerException
	at steps.MyStepdefs.creatingAEmployee(MyStepdefs.java:31)
	at ✽.Creating a Employee(file:///C:/Users/thoka/IdeaProjects/Employee.sprint/src/test/java/features/Employee.feature:4)
</failure>
    <system-out>
Scenario: Verify that user is able to get Employee details by using valid Endpoint &amp;#27;[90m# src/test/java/features/Employee.feature:25&amp;#27;[0m
  &amp;#27;[31mGiven &amp;#27;[0m&amp;#27;[31mCreating a Employee&amp;#27;[0m                                                        &amp;#27;[90m# steps.MyStepdefs.creatingAEmployee()&amp;#27;[0m
      &amp;#27;[31mjava.lang.NullPointerException
	at steps.MyStepdefs.creatingAEmployee(MyStepdefs.java:31)
	at âœ½.Creating a Employee(file:///C:/Users/thoka/IdeaProjects/Employee.sprint/src/test/java/features/Employee.feature:4)
&amp;#27;[0m
  &amp;#27;[36mWhen &amp;#27;[0m&amp;#27;[36mget the details of employee&amp;#27;[0m                                                 &amp;#27;[90m# steps.MyStepdefs.getTheDetailsOfEmployee()&amp;#27;[0m
</system-out>
  </testcase>
  <testcase classname="runner.TestRunner" name="runScenario" time="0.009">
    <failure type="java.lang.NullPointerException">java.lang.NullPointerException
	at steps.MyStepdefs.creatingAEmployee(MyStepdefs.java:31)
	at ✽.Creating a Employee(file:///C:/Users/thoka/IdeaProjects/Employee.sprint/src/test/java/features/Employee.feature:4)
</failure>
    <system-out>
Scenario: Verify that user  is not able to get Employee details by using invalid endpoint &amp;#27;[90m# src/test/java/features/Employee.feature:28&amp;#27;[0m
  &amp;#27;[31mGiven &amp;#27;[0m&amp;#27;[31mCreating a Employee&amp;#27;[0m                                                               &amp;#27;[90m# steps.MyStepdefs.creatingAEmployee()&amp;#27;[0m
      &amp;#27;[31mjava.lang.NullPointerException
	at steps.MyStepdefs.creatingAEmployee(MyStepdefs.java:31)
	at âœ½.Creating a Employee(file:///C:/Users/thoka/IdeaProjects/Employee.sprint/src/test/java/features/Employee.feature:4)
&amp;#27;[0m
  &amp;#27;[36mWhen &amp;#27;[0m&amp;#27;[36mget the details of employee with invalid Endpoint&amp;#27;[0m                                  &amp;#27;[90m# steps.MyStepdefs.getTheDetailsOfEmployeeWithInvalidEndpoint()&amp;#27;[0m
  &amp;#27;[36mThen &amp;#27;[0m&amp;#27;[36mDetails of Employee displayed with invalid Endpoint&amp;#27;[0m                                &amp;#27;[90m# steps.MyStepdefs.detailsOfEmployeeDisplayedWithInvalidEndpoint()&amp;#27;[0m
</system-out>
  </testcase>
  <testcase classname="runner.TestRunner" name="runScenario" time="0.014">
    <failure type="java.lang.NullPointerException">java.lang.NullPointerException
	at steps.MyStepdefs.creatingAEmployee(MyStepdefs.java:31)
	at ✽.Creating a Employee(file:///C:/Users/thoka/IdeaProjects/Employee.sprint/src/test/java/features/Employee.feature:4)
</failure>
    <system-out>
Scenario: Verify that user is able to get Employee details by using ID &amp;#27;[90m# src/test/java/features/Employee.feature:32&amp;#27;[0m
  &amp;#27;[31mGiven &amp;#27;[0m&amp;#27;[31mCreating a Employee&amp;#27;[0m                                            &amp;#27;[90m# steps.MyStepdefs.creatingAEmployee()&amp;#27;[0m
      &amp;#27;[31mjava.lang.NullPointerException
	at steps.MyStepdefs.creatingAEmployee(MyStepdefs.java:31)
	at âœ½.Creating a Employee(file:///C:/Users/thoka/IdeaProjects/Employee.sprint/src/test/java/features/Employee.feature:4)
&amp;#27;[0m
  &amp;#27;[36mWhen &amp;#27;[0m&amp;#27;[36mget the details of employee with ID&amp;#27;[0m                             &amp;#27;[90m# steps.MyStepdefs.getTheDetailsOfEmployeeWithID()&amp;#27;[0m
  &amp;#27;[36mThen &amp;#27;[0m&amp;#27;[36mDetails of Employee displayed With ID&amp;#27;[0m                           &amp;#27;[90m# steps.MyStepdefs.detailsOfEmployeeDisplayedWithID()&amp;#27;[0m
</system-out>
  </testcase>
  <testcase classname="runner.TestRunner" name="runScenario" time="0.014">
    <failure type="java.lang.NullPointerException">java.lang.NullPointerException
	at steps.MyStepdefs.creatingAEmployee(MyStepdefs.java:31)
	at ✽.Creating a Employee(file:///C:/Users/thoka/IdeaProjects/Employee.sprint/src/test/java/features/Employee.feature:4)
</failure>
    <system-out>
Scenario: Verify that user is able to get Employee details without using ID &amp;#27;[90m# src/test/java/features/Employee.feature:36&amp;#27;[0m
  &amp;#27;[31mGiven &amp;#27;[0m&amp;#27;[31mCreating a Employee&amp;#27;[0m                                                 &amp;#27;[90m# steps.MyStepdefs.creatingAEmployee()&amp;#27;[0m
      &amp;#27;[31mjava.lang.NullPointerException
	at steps.MyStepdefs.creatingAEmployee(MyStepdefs.java:31)
	at âœ½.Creating a Employee(file:///C:/Users/thoka/IdeaProjects/Employee.sprint/src/test/java/features/Employee.feature:4)
&amp;#27;[0m
  &amp;#27;[36mWhen &amp;#27;[0m&amp;#27;[36mget the details of employees without using ID&amp;#27;[0m                        &amp;#27;[90m# steps.MyStepdefs.getTheDetailsOfEmployeesWithoutUsingID()&amp;#27;[0m
</system-out>
  </testcase>
  <testcase classname="runner.TestRunner" name="runScenario" time="0.012">
    <failure type="java.lang.NullPointerException">java.lang.NullPointerException
	at steps.MyStepdefs.creatingAEmployee(MyStepdefs.java:31)
	at ✽.Creating a Employee(file:///C:/Users/thoka/IdeaProjects/Employee.sprint/src/test/java/features/Employee.feature:4)
</failure>
    <system-out>
Scenario: Verify that Employee details are updated &amp;#27;[90m# src/test/java/features/Employee.feature:39&amp;#27;[0m
  &amp;#27;[31mGiven &amp;#27;[0m&amp;#27;[31mCreating a Employee&amp;#27;[0m                        &amp;#27;[90m# steps.MyStepdefs.creatingAEmployee()&amp;#27;[0m
      &amp;#27;[31mjava.lang.NullPointerException
	at steps.MyStepdefs.creatingAEmployee(MyStepdefs.java:31)
	at âœ½.Creating a Employee(file:///C:/Users/thoka/IdeaProjects/Employee.sprint/src/test/java/features/Employee.feature:4)
&amp;#27;[0m
  &amp;#27;[36mWhen &amp;#27;[0m&amp;#27;[36mUpdate the user&amp;#27;[0m                             &amp;#27;[90m# steps.MyStepdefs.updateTheUser()&amp;#27;[0m
  &amp;#27;[36mThen &amp;#27;[0m&amp;#27;[36mthe user is updated&amp;#27;[0m                         &amp;#27;[90m# steps.MyStepdefs.theUserIsUpdated()&amp;#27;[0m
</system-out>
  </testcase>
  <testcase classname="runner.TestRunner" name="runScenario" time="0.009">
    <failure type="java.lang.NullPointerException">java.lang.NullPointerException
	at steps.MyStepdefs.creatingAEmployee(MyStepdefs.java:31)
	at ✽.Creating a Employee(file:///C:/Users/thoka/IdeaProjects/Employee.sprint/src/test/java/features/Employee.feature:4)
</failure>
    <system-out>
Scenario: Verify that error is thrown when ID is not given While Updating Employee details &amp;#27;[90m# src/test/java/features/Employee.feature:43&amp;#27;[0m
  &amp;#27;[31mGiven &amp;#27;[0m&amp;#27;[31mCreating a Employee&amp;#27;[0m                                                                &amp;#27;[90m# steps.MyStepdefs.creatingAEmployee()&amp;#27;[0m
      &amp;#27;[31mjava.lang.NullPointerException
	at steps.MyStepdefs.creatingAEmployee(MyStepdefs.java:31)
	at âœ½.Creating a Employee(file:///C:/Users/thoka/IdeaProjects/Employee.sprint/src/test/java/features/Employee.feature:4)
&amp;#27;[0m
  &amp;#27;[36mWhen &amp;#27;[0m&amp;#27;[36mUpdating a Employee without ID&amp;#27;[0m                                                      &amp;#27;[90m# steps.MyStepdefs.updatingAEmployeeWithoutID()&amp;#27;[0m
  &amp;#27;[36mThen &amp;#27;[0m&amp;#27;[36mError is Thrown when ID is not given&amp;#27;[0m                                                &amp;#27;[90m# steps.MyStepdefs.errorIsThrownWhenIDIsNotGiven()&amp;#27;[0m
</system-out>
  </testcase>
  <testcase classname="runner.TestRunner" name="runScenario" time="0.01">
    <failure type="java.lang.NullPointerException">java.lang.NullPointerException
	at steps.MyStepdefs.creatingAEmployee(MyStepdefs.java:31)
	at ✽.Creating a Employee(file:///C:/Users/thoka/IdeaProjects/Employee.sprint/src/test/java/features/Employee.feature:4)
</failure>
    <system-out>
Scenario: Verify that error is thrown when firstName is blank While Updating Employee details &amp;#27;[90m# src/test/java/features/Employee.feature:47&amp;#27;[0m
  &amp;#27;[31mGiven &amp;#27;[0m&amp;#27;[31mCreating a Employee&amp;#27;[0m                                                                   &amp;#27;[90m# steps.MyStepdefs.creatingAEmployee()&amp;#27;[0m
      &amp;#27;[31mjava.lang.NullPointerException
	at steps.MyStepdefs.creatingAEmployee(MyStepdefs.java:31)
	at âœ½.Creating a Employee(file:///C:/Users/thoka/IdeaProjects/Employee.sprint/src/test/java/features/Employee.feature:4)
&amp;#27;[0m
  &amp;#27;[36mWhen &amp;#27;[0m&amp;#27;[36mUpdating a Employee with firstName Blank&amp;#27;[0m                                               &amp;#27;[90m# steps.MyStepdefs.updatingAEmployeeWithFirstNameBlank()&amp;#27;[0m
  &amp;#27;[36mThen &amp;#27;[0m&amp;#27;[36mError is thrown when firstName is not given While updating&amp;#27;[0m                             &amp;#27;[90m# steps.MyStepdefs.errorIsThrownWhenFirstNameIsNotGivenWhileUpdating()&amp;#27;[0m
</system-out>
  </testcase>
  <testcase classname="runner.TestRunner" name="runScenario" time="0.01">
    <failure type="java.lang.NullPointerException">java.lang.NullPointerException
	at steps.MyStepdefs.creatingAEmployee(MyStepdefs.java:31)
	at ✽.Creating a Employee(file:///C:/Users/thoka/IdeaProjects/Employee.sprint/src/test/java/features/Employee.feature:4)
</failure>
    <system-out>
Scenario: Verify that error is thrown when lastName is blank While Updating Employee details &amp;#27;[90m# src/test/java/features/Employee.feature:51&amp;#27;[0m
  &amp;#27;[31mGiven &amp;#27;[0m&amp;#27;[31mCreating a Employee&amp;#27;[0m                                                                  &amp;#27;[90m# steps.MyStepdefs.creatingAEmployee()&amp;#27;[0m
      &amp;#27;[31mjava.lang.NullPointerException
	at steps.MyStepdefs.creatingAEmployee(MyStepdefs.java:31)
	at âœ½.Creating a Employee(file:///C:/Users/thoka/IdeaProjects/Employee.sprint/src/test/java/features/Employee.feature:4)
&amp;#27;[0m
  &amp;#27;[36mWhen &amp;#27;[0m&amp;#27;[36mUpdating a Employee with lastName Blank&amp;#27;[0m                                               &amp;#27;[90m# steps.MyStepdefs.updatingAEmployeeWithLastNameBlank()&amp;#27;[0m
  &amp;#27;[36mThen &amp;#27;[0m&amp;#27;[36mError is Thrown when lastName is not given While updating&amp;#27;[0m                             &amp;#27;[90m# steps.MyStepdefs.errorIsThrownWhenLastNameIsNotGivenWhileUpdating()&amp;#27;[0m
</system-out>
  </testcase>
  <testcase classname="runner.TestRunner" name="runScenario" time="0.013">
    <failure type="java.lang.NullPointerException">java.lang.NullPointerException
	at steps.MyStepdefs.creatingAEmployee(MyStepdefs.java:31)
	at ✽.Creating a Employee(file:///C:/Users/thoka/IdeaProjects/Employee.sprint/src/test/java/features/Employee.feature:4)
</failure>
    <system-out>
Scenario: Verify that Employee details are deleted &amp;#27;[90m# src/test/java/features/Employee.feature:55&amp;#27;[0m
  &amp;#27;[31mGiven &amp;#27;[0m&amp;#27;[31mCreating a Employee&amp;#27;[0m                        &amp;#27;[90m# steps.MyStepdefs.creatingAEmployee()&amp;#27;[0m
      &amp;#27;[31mjava.lang.NullPointerException
	at steps.MyStepdefs.creatingAEmployee(MyStepdefs.java:31)
	at âœ½.Creating a Employee(file:///C:/Users/thoka/IdeaProjects/Employee.sprint/src/test/java/features/Employee.feature:4)
&amp;#27;[0m
  &amp;#27;[36mThen &amp;#27;[0m&amp;#27;[36mthe user is deleted&amp;#27;[0m                         &amp;#27;[90m# steps.MyStepdefs.theUserIsDeleted()&amp;#27;[0m
</system-out>
  </testcase>
  <testcase classname="runner.TestRunner" name="runScenario" time="0.027">
    <failure type="java.lang.NullPointerException">java.lang.NullPointerException
	at steps.MyStepdefs.creatingAEmployee(MyStepdefs.java:31)
	at ✽.Creating a Employee(file:///C:/Users/thoka/IdeaProjects/Employee.sprint/src/test/java/features/Employee.feature:4)
</failure>
    <system-out>
Scenario: Verify that error is thrown when the Employee details are deleted without using ID &amp;#27;[90m# src/test/java/features/Employee.feature:58&amp;#27;[0m
  &amp;#27;[31mGiven &amp;#27;[0m&amp;#27;[31mCreating a Employee&amp;#27;[0m                                                                  &amp;#27;[90m# steps.MyStepdefs.creatingAEmployee()&amp;#27;[0m
      &amp;#27;[31mjava.lang.NullPointerException
	at steps.MyStepdefs.creatingAEmployee(MyStepdefs.java:31)
	at âœ½.Creating a Employee(file:///C:/Users/thoka/IdeaProjects/Employee.sprint/src/test/java/features/Employee.feature:4)
&amp;#27;[0m
  &amp;#27;[36mWhen &amp;#27;[0m&amp;#27;[36mDeleting a Employee without ID&amp;#27;[0m                                                        &amp;#27;[90m# steps.MyStepdefs.deletingAEmployeeWithoutID()&amp;#27;[0m
  &amp;#27;[36mThen &amp;#27;[0m&amp;#27;[36mError is Thrown when ID is not given While Deleting a Employee&amp;#27;[0m                        &amp;#27;[90m# steps.MyStepdefs.errorIsThrownWhenIDIsNotGivenWhileDeletingAEmployee()&amp;#27;[0m
</system-out>
  </testcase>
</testsuite>